<?xml version="1.0" encoding="UTF-8"?>
<testng-results skipped="0" failed="0" total="4" passed="4">
  <reporter-output>
  </reporter-output>
  <suite name="limbya" duration-ms="66" started-at="2019-03-29T08:33:23Z" finished-at="2019-03-29T08:33:23Z">
    <groups>
    </groups>
    <test name="limbya" duration-ms="66" started-at="2019-03-29T08:33:23Z" finished-at="2019-03-29T08:33:23Z">
      <class name="myPack.Limbya">
        <test-method status="PASS" signature="addEmp()[pri:0, instance:myPack.Limbya@643faf]" name="addEmp" duration-ms="25" started-at="2019-03-29T14:03:23Z" finished-at="2019-03-29T14:03:23Z">
          <reporter-output>
          </reporter-output>
        </test-method> <!-- addEmp -->
        <test-method status="PASS" signature="deleteEmp()[pri:0, instance:myPack.Limbya@643faf]" name="deleteEmp" duration-ms="1" started-at="2019-03-29T14:03:23Z" finished-at="2019-03-29T14:03:23Z">
          <reporter-output>
          </reporter-output>
        </test-method> <!-- deleteEmp -->
        <test-method status="PASS" signature="editEmp()[pri:0, instance:myPack.Limbya@643faf]" name="editEmp" duration-ms="1" started-at="2019-03-29T14:03:23Z" finished-at="2019-03-29T14:03:23Z">
          <reporter-output>
          </reporter-output>
        </test-method> <!-- editEmp -->
        <test-method status="PASS" signature="verifyLogin()[pri:0, instance:myPack.Limbya@643faf]" name="verifyLogin" duration-ms="1" started-at="2019-03-29T14:03:23Z" finished-at="2019-03-29T14:03:23Z">
          <reporter-output>
          </reporter-output>
        </test-method> <!-- verifyLogin -->
      </class> <!-- myPack.Limbya -->
    </test> <!-- limbya -->
  </suite> <!-- limbya -->
</testng-results>
